<?xml version="1.0" encoding="UTF-8"?>
<!-- Generated by org.testng.reporters.JUnitReportReporter -->
<testsuite hostname="c312870.local" name="UAT.Salesforce.TestSuite.Login" tests="1" failures="0" timestamp="19 Aug 2015 18:18:37 GMT" time="8.892" errors="0">
  <testcase name="loginFunc" time="8.892" classname="UAT.Salesforce.TestSuite.Login"/>
</testsuite> <!-- UAT.Salesforce.TestSuite.Login -->
