<?xml version="1.0" encoding="UTF-8"?>
<!-- Generated by org.testng.reporters.JUnitReportReporter -->
<testsuite hostname="c312870.local" name="UAT.Salesforce.Common.CommonFunctions" tests="1" failures="0" timestamp="30 Jul 2015 05:23:31 GMT" time="0.003" errors="0">
  <testcase name="randomstring" time="0.003" classname="UAT.Salesforce.Common.CommonFunctions"/>
</testsuite> <!-- UAT.Salesforce.Common.CommonFunctions -->
