<?xml version="1.0" encoding="UTF-8"?>
<!-- Generated by org.testng.reporters.JUnitReportReporter -->
<testsuite hostname="c312870.local" name="UAT.Salesforce.TestSuite.Lead" tests="1" failures="0" timestamp="19 Aug 2015 18:18:37 GMT" time="26.019" errors="0">
  <testcase name="testLeads" time="26.019" classname="UAT.Salesforce.TestSuite.Lead"/>
</testsuite> <!-- UAT.Salesforce.TestSuite.Lead -->
